<?xml version="1.0" encoding="UTF-8"?>
<!-- Generated by org.testng.reporters.JUnitReportReporter -->
<testsuite hostname="DESKTOP-RTV7A8K" failures="0" tests="1" name="com.hybrid.testclass.TcLogInTestCase" time="18.774" errors="0" timestamp="2024-09-17T11:35:37 IST" skipped="0">
  <testcase classname="com.hybrid.testclass.TcLogInTestCase" name="Signup" time="18.774"/>
</testsuite> <!-- com.hybrid.testclass.TcLogInTestCase -->
